c:\users\hello\documents\visual studio 2013\projects\half-edge\half-edge\debug\half-edge.pch
c:\users\hello\documents\visual studio 2013\projects\half-edge\half-edge\debug\vc120.pdb
c:\users\hello\documents\visual studio 2013\projects\half-edge\half-edge\debug\vc120.idb
c:\users\hello\documents\visual studio 2013\projects\half-edge\half-edge\debug\half-edge.obj
c:\users\hello\documents\visual studio 2013\projects\half-edge\half-edge\debug\half-edgedoc.obj
c:\users\hello\documents\visual studio 2013\projects\half-edge\half-edge\debug\half-edgeview.obj
c:\users\hello\documents\visual studio 2013\projects\half-edge\half-edge\debug\mainfrm.obj
c:\users\hello\documents\visual studio 2013\projects\half-edge\half-edge\debug\sourcemanager.obj
c:\users\hello\documents\visual studio 2013\projects\half-edge\debug\half-edge.ilk
c:\users\hello\documents\visual studio 2013\projects\half-edge\debug\half-edge.exe
c:\users\hello\documents\visual studio 2013\projects\half-edge\debug\half-edge.pdb
c:\users\hello\documents\visual studio 2013\projects\half-edge\half-edge\debug\half-edge.res
c:\users\hello\documents\visual studio 2013\projects\half-edge\half-edge\debug\half-edge.tlog\cl.command.1.tlog
c:\users\hello\documents\visual studio 2013\projects\half-edge\half-edge\debug\half-edge.tlog\cl.read.1.tlog
c:\users\hello\documents\visual studio 2013\projects\half-edge\half-edge\debug\half-edge.tlog\cl.write.1.tlog
c:\users\hello\documents\visual studio 2013\projects\half-edge\half-edge\debug\half-edge.tlog\link.command.1.tlog
c:\users\hello\documents\visual studio 2013\projects\half-edge\half-edge\debug\half-edge.tlog\link.read.1.tlog
c:\users\hello\documents\visual studio 2013\projects\half-edge\half-edge\debug\half-edge.tlog\link.write.1.tlog
c:\users\hello\documents\visual studio 2013\projects\half-edge\half-edge\debug\half-edge.tlog\rc.command.1.tlog
c:\users\hello\documents\visual studio 2013\projects\half-edge\half-edge\debug\half-edge.tlog\rc.read.1.tlog
c:\users\hello\documents\visual studio 2013\projects\half-edge\half-edge\debug\half-edge.tlog\rc.write.1.tlog
