生成启动时间为 2014/7/4 星期五 1:49:55。
     1>项目“C:\Users\Hello\documents\visual studio 2013\Projects\Half-Edge\Half-Edge\Half-Edge.vcxproj”在节点 2 上(Build 个目标)。
     1>ClCompile:
         C:\Program Files (x86)\Microsoft Visual Studio 12.0\VC\bin\CL.exe /c /Zi /nologo /W3 /WX- /sdl /O2 /Oi /Oy- /GL /D WIN32 /D _WINDOWS /D NDEBUG /D _CRT_SECURE_NO_WARNINGS /D _UNICODE /D UNICODE /D _AFXDLL /Gm- /EHsc /MD /GS /Gy /fp:precise /Zc:wchar_t /Zc:forScope /Yc"stdafx.h" /Fp"Release\Half-Edge.pch" /Fo"Release\\" /Fd"Release\vc120.pdb" /Gd /TP /analyze- /errorReport:prompt stdafx.cpp
         stdafx.cpp
         C:\Program Files (x86)\Microsoft Visual Studio 12.0\VC\bin\CL.exe /c /Zi /nologo /W3 /WX- /sdl /O2 /Oi /Oy- /GL /D WIN32 /D _WINDOWS /D NDEBUG /D _CRT_SECURE_NO_WARNINGS /D _UNICODE /D UNICODE /D _AFXDLL /Gm- /EHsc /MD /GS /Gy /fp:precise /Zc:wchar_t /Zc:forScope /Yu"stdafx.h" /Fp"Release\Half-Edge.pch" /Fo"Release\\" /Fd"Release\vc120.pdb" /Gd /TP /analyze- /errorReport:prompt "Half-Edge.cpp" "Half-EdgeDoc.cpp" "Half-EdgeView.cpp" MainFrm.cpp SourceManager.cpp
         Half-Edge.cpp
         Half-EdgeDoc.cpp
         Half-EdgeView.cpp
         MainFrm.cpp
         SourceManager.cpp
       ResourceCompile:
         C:\Program Files (x86)\Windows Kits\8.1\bin\x86\rc.exe /D NDEBUG /D _UNICODE /D UNICODE /D _AFXDLL /l"0x0804" /IRelease\ /nologo /fo"Release\Half-Edge.res" Half-Edge.rc 
       Link:
         C:\Program Files (x86)\Microsoft Visual Studio 12.0\VC\bin\link.exe /ERRORREPORT:PROMPT /OUT:"C:\Users\Hello\documents\visual studio 2013\Projects\Half-Edge\Release\Half-Edge.exe" /INCREMENTAL:NO /NOLOGO /MANIFEST /MANIFESTUAC:"level='asInvoker' uiAccess='false'" /manifest:embed /manifestinput:"C:\Program Files (x86)\Microsoft Visual Studio 12.0\VC\Include\Manifest\dpiaware.manifest" /DEBUG /PDB:"C:\Users\Hello\documents\visual studio 2013\Projects\Half-Edge\Release\Half-Edge.pdb" /SUBSYSTEM:WINDOWS /OPT:REF /OPT:ICF /LTCG /TLBID:1 /ENTRY:"wWinMainCRTStartup" /DYNAMICBASE /NXCOMPAT /IMPLIB:"C:\Users\Hello\documents\visual studio 2013\Projects\Half-Edge\Release\Half-Edge.lib" /MACHINE:X86 /SAFESEH "Release\Half-Edge.res"
         "Release\Half-Edge.obj"
         "Release\Half-EdgeDoc.obj"
         "Release\Half-EdgeView.obj"
         Release\MainFrm.obj
         Release\SourceManager.obj
         Release\stdafx.obj
         正在生成代码
         已完成代码的生成
         Half-Edge.vcxproj -> C:\Users\Hello\documents\visual studio 2013\Projects\Half-Edge\Release\Half-Edge.exe
     1>已完成生成项目“C:\Users\Hello\documents\visual studio 2013\Projects\Half-Edge\Half-Edge\Half-Edge.vcxproj”(Build 个目标)的操作。

生成成功。

已用时间 00:00:07.81
